<?xml version="1.0" encoding="UTF-8"?>
<!-- Generated by org.testng.reporters.JUnitXMLReporter -->
<testsuite ignored="12" hostname="LAPTOP-1VHF929S" failures="1" tests="1" name="Default test" time="0.591" errors="0" timestamp="2024-12-22T16:46:33 IST">
  <testcase classname="main.SignUpTest" name="testWithoutFields" time="0.547">
    <failure type="java.lang.NullPointerException" message="Cannot invoke &amp;quot;org.apache.poi.ss.usermodel.Sheet.getRow(int)&amp;quot; because &amp;quot;utils.Utils.sheet&amp;quot; is null">
      <![CDATA[java.lang.NullPointerException: Cannot invoke "org.apache.poi.ss.usermodel.Sheet.getRow(int)" because "utils.Utils.sheet" is null
at utils.Utils.getRowData(Utils.java:41)
at main.SignUpTest.testWithoutFields(SignUpTest.java:95)
at java.base/jdk.internal.reflect.NativeMethodAccessorImpl.invoke0(Native Method)
at java.base/jdk.internal.reflect.NativeMethodAccessorImpl.invoke(NativeMethodAccessorImpl.java:64)
at java.base/jdk.internal.reflect.DelegatingMethodAccessorImpl.invoke(DelegatingMethodAccessorImpl.java:43)
at java.base/java.lang.reflect.Method.invoke(Method.java:564)
at org.testng.internal.MethodInvocationHelper.invokeMethod(MethodInvocationHelper.java:133)
at org.testng.internal.TestInvoker.invokeMethod(TestInvoker.java:598)
at org.testng.internal.TestInvoker.invokeTestMethod(TestInvoker.java:173)
at org.testng.internal.MethodRunner.runInSequence(MethodRunner.java:46)
at org.testng.internal.TestInvoker$MethodInvocationAgent.invoke(TestInvoker.java:824)
at org.testng.internal.TestInvoker.invokeTestMethods(TestInvoker.java:146)
at org.testng.internal.TestMethodWorker.invokeTestMethods(TestMethodWorker.java:146)
at org.testng.internal.TestMethodWorker.run(TestMethodWorker.java:128)
at java.base/java.util.ArrayList.forEach(ArrayList.java:1511)
at org.testng.TestRunner.privateRun(TestRunner.java:794)
at org.testng.TestRunner.run(TestRunner.java:596)
at org.testng.SuiteRunner.runTest(SuiteRunner.java:377)
at org.testng.SuiteRunner.runSequentially(SuiteRunner.java:371)
at org.testng.SuiteRunner.privateRun(SuiteRunner.java:332)
at org.testng.SuiteRunner.run(SuiteRunner.java:276)
at org.testng.SuiteRunnerWorker.runSuite(SuiteRunnerWorker.java:53)
at org.testng.SuiteRunnerWorker.run(SuiteRunnerWorker.java:96)
at org.testng.TestNG.runSuitesSequentially(TestNG.java:1212)
at org.testng.TestNG.runSuitesLocally(TestNG.java:1134)
at org.testng.TestNG.runSuites(TestNG.java:1063)
at org.testng.TestNG.run(TestNG.java:1031)
at org.testng.remote.AbstractRemoteTestNG.run(AbstractRemoteTestNG.java:115)
at org.testng.remote.RemoteTestNG.initAndRun(RemoteTestNG.java:251)
at org.testng.remote.RemoteTestNG.main(RemoteTestNG.java:77)
]]>
    </failure>
  </testcase> <!-- testWithoutFields -->
  <testcase classname="main.SignUpTest" name="testWithWeakPassword" time="0.0">
    <ignored/>
  </testcase> <!-- testWithWeakPassword -->
  <testcase classname="main.SignUpTest" name="testSignupWithoutEmail" time="0.0">
    <ignored/>
  </testcase> <!-- testSignupWithoutEmail -->
  <testcase classname="main.SignUpTest" name="testWithoutLastName" time="0.0">
    <ignored/>
  </testcase> <!-- testWithoutLastName -->
  <testcase classname="main.SignUpTest" name="testSignupInvalidPhone" time="0.0">
    <ignored/>
  </testcase> <!-- testSignupInvalidPhone -->
  <testcase classname="main.SignUpTest" name="excelValues" time="0.0">
    <ignored/>
  </testcase> <!-- excelValues -->
  <testcase classname="main.SignUpTest" name="testWithoutFirstName" time="0.0">
    <ignored/>
  </testcase> <!-- testWithoutFirstName -->
  <testcase classname="main.SignUpTest" name="testsignupWithPhoneRecovery" time="0.0">
    <ignored/>
  </testcase> <!-- testsignupWithPhoneRecovery -->
  <testcase classname="main.SignUpTest" name="validSignupInputswithPhone" time="0.0">
    <ignored/>
  </testcase> <!-- validSignupInputswithPhone -->
  <testcase classname="main.SignUpTest" name="SignUp" time="0.0">
    <ignored/>
  </testcase> <!-- SignUp -->
  <testcase classname="main.SignUpTest" name="testwithDoNotMatchPassword" time="0.0">
    <ignored/>
  </testcase> <!-- testwithDoNotMatchPassword -->
  <testcase classname="main.SignUpTest" name="testsignupWithoutPhoneRecovery" time="0.0">
    <ignored/>
  </testcase> <!-- testsignupWithoutPhoneRecovery -->
  <testcase classname="main.SignUpTest" name="testSignupWithoutPassword" time="0.0">
    <ignored/>
  </testcase> <!-- testSignupWithoutPassword -->
</testsuite> <!-- Default test -->
